#
# There is insufficient memory for the Java Runtime Environment to continue.
# Native memory allocation (mmap) failed to map 268435456 bytes for Failed to commit area from 0x0000000701800000 to 0x0000000711800000 of length 268435456.
# Possible reasons:
#   The system is out of physical RAM or swap space
#   The process is running with CompressedOops enabled, and the Java Heap may be blocking the growth of the native heap
# Possible solutions:
#   Reduce memory load on the system
#   Increase physical memory or swap space
#   Check if swap backing store is full
#   Decrease Java heap size (-Xmx/-Xms)
#   Decrease number of Java threads
#   Decrease Java thread stack sizes (-Xss)
#   Set larger code cache with -XX:ReservedCodeCacheSize=
# This output file may be truncated or incomplete.
#
#  Out of Memory Error (./open/src/hotspot/os/windows/os_windows.cpp:3287), pid=9528, tid=16360
#
# JRE version:  (11.0.15+8) (build )
# Java VM: Java HotSpot(TM) 64-Bit Server VM (11.0.15+8-LTS-149, mixed mode, sharing, tiered, compressed oops, g1 gc, windows-amd64)
# No core dump will be written. Minidumps are not enabled by default on client versions of Windows
#

---------------  S U M M A R Y ------------

Command Line: br.com.matsutech.parkingcontrol.ParkingControlApplication

Host: Intel(R) Core(TM) i7-4790 CPU @ 3.60GHz, 8 cores, 15G,  Windows 10 , 64 bit Build 19041 (10.0.19041.1806)
Time: Thu Jul 28 21:01:27 2022 Hora oficial do Brasil elapsed time: 0.018785 seconds (0d 0h 0m 0s)

---------------  T H R E A D  ---------------

Current thread (0x000002460601b000):  JavaThread "Unknown thread" [_thread_in_vm, id=16360, stack(0x0000008850000000,0x0000008850100000)]

Stack: [0x0000008850000000,0x0000008850100000]
Native frames: (J=compiled Java code, j=interpreted, Vv=VM code, C=native code)
V  [jvm.dll+0x629d8a]
V  [jvm.dll+0x7638ff]
V  [jvm.dll+0x764fa9]
V  [jvm.dll+0x765633]
V  [jvm.dll+0x23d9c8]
V  [jvm.dll+0x6270aa]
V  [jvm.dll+0x61be35]
V  [jvm.dll+0x2f27dc]
V  [jvm.dll+0x2f2662]
V  [jvm.dll+0x2f7386]
V  [jvm.dll+0x339d8f]
V  [jvm.dll+0x3397c0]
V  [jvm.dll+0x2cfdf8]
V  [jvm.dll+0x2d0f66]
V  [jvm.dll+0x73df07]
V  [jvm.dll+0x73f79f]
V  [jvm.dll+0x346ab9]
V  [jvm.dll+0x723810]
V  [jvm.dll+0x3b56cf]
V  [jvm.dll+0x3b77e1]
C  [jli.dll+0x5207]
C  [ucrtbase.dll+0x21bb2]
C  [KERNEL32.DLL+0x17034]
C  [ntdll.dll+0x52651]


---------------  P R O C E S S  ---------------

Threads class SMR info:
_java_thread_list=0x0000024605e4d1c0, length=0, elements={
}

Java Threads: ( => current thread )

Other Threads:
  0x000002460602f000 GCTaskThread "GC Thread#0" [stack: 0x0000008850100000,0x0000008850200000] [id=17652]
  0x000002460608a800 ConcurrentGCThread "G1 Main Marker" [stack: 0x0000008850200000,0x0000008850300000] [id=17632]
  0x000002460608c000 ConcurrentGCThread "G1 Conc#0" [stack: 0x0000008850300000,0x0000008850400000] [id=13012]

[error occurred during error reporting (printing all threads), id 0xc0000005, EXCEPTION_ACCESS_VIOLATION (0xc0000005) at pc=0x00007ffba683f087]

VM state:not at safepoint (not fully initialized)

VM Mutex/Monitor currently owned by a thread:  ([mutex/lock_event])
[0x00000246060169c0] Heap_lock - owner thread: 0x000002460601b000

Heap address: 0x0000000701800000, size: 4072 MB, Compressed Oops mode: Non-zero based: 0x0000000701800000
Narrow klass base: 0x0000000000000000, Narrow klass shift: 0

GC Heap History (0 events):
No events

Deoptimization events (0 events):
No events

Classes redefined (0 events):
No events

Internal exceptions (0 events):
No events

Events (0 events):
No events


Dynamic libraries:
0x00007ff6055c0000 - 0x00007ff6055cf000 	C:\Program Files\Java\jdk-11.0.15\bin\java.exe
0x00007ffbea990000 - 0x00007ffbeab88000 	C:\Windows\SYSTEM32\ntdll.dll
0x00007ffbea210000 - 0x00007ffbea2cd000 	C:\Windows\System32\KERNEL32.DLL
0x00007ffbe8610000 - 0x00007ffbe88de000 	C:\Windows\System32\KERNELBASE.dll
0x00007ffbe8280000 - 0x00007ffbe8380000 	C:\Windows\System32\ucrtbase.dll
0x00007ffbe1350000 - 0x00007ffbe1368000 	C:\Program Files\Java\jdk-11.0.15\bin\jli.dll
0x00007ffbdc2d0000 - 0x00007ffbdc2e5000 	C:\Program Files\Java\jdk-11.0.15\bin\VCRUNTIME140.dll
0x00007ffbe96e0000 - 0x00007ffbe978e000 	C:\Windows\System32\ADVAPI32.dll
0x00007ffbea6d0000 - 0x00007ffbea76e000 	C:\Windows\System32\msvcrt.dll
0x00007ffbea770000 - 0x00007ffbea80c000 	C:\Windows\System32\sechost.dll
0x00007ffbea2d0000 - 0x00007ffbea3f5000 	C:\Windows\System32\RPCRT4.dll
0x00007ffbea400000 - 0x00007ffbea5a0000 	C:\Windows\System32\USER32.dll
0x00007ffbd1500000 - 0x00007ffbd179a000 	C:\Windows\WinSxS\amd64_microsoft.windows.common-controls_6595b64144ccf1df_6.0.19041.1110_none_60b5254171f9507e\COMCTL32.dll
0x00007ffbe9490000 - 0x00007ffbe94ba000 	C:\Windows\System32\GDI32.dll
0x00007ffbe85e0000 - 0x00007ffbe8602000 	C:\Windows\System32\win32u.dll
0x00007ffbe80b0000 - 0x00007ffbe81bb000 	C:\Windows\System32\gdi32full.dll
0x00007ffbe1df0000 - 0x00007ffbe1dfa000 	C:\Windows\SYSTEM32\VERSION.dll
0x00007ffbe88e0000 - 0x00007ffbe897d000 	C:\Windows\System32\msvcp_win.dll
0x00007ffbe9890000 - 0x00007ffbe98c0000 	C:\Windows\System32\IMM32.DLL
0x00007ffbda510000 - 0x00007ffbda5ab000 	C:\Program Files\Java\jdk-11.0.15\bin\msvcp140.dll
0x00007ffba6560000 - 0x00007ffba7076000 	C:\Program Files\Java\jdk-11.0.15\bin\server\jvm.dll
0x00007ffbea940000 - 0x00007ffbea948000 	C:\Windows\System32\PSAPI.DLL
0x00007ffbdb330000 - 0x00007ffbdb339000 	C:\Windows\SYSTEM32\WSOCK32.dll
0x00007ffbda360000 - 0x00007ffbda387000 	C:\Windows\SYSTEM32\WINMM.dll
0x00007ffbe9670000 - 0x00007ffbe96db000 	C:\Windows\System32\WS2_32.dll
0x00007ffbe6910000 - 0x00007ffbe6922000 	C:\Windows\SYSTEM32\kernel.appcore.dll
0x00007ffbe3650000 - 0x00007ffbe3660000 	C:\Program Files\Java\jdk-11.0.15\bin\verify.dll
0x00007ffbd9630000 - 0x00007ffbd9814000 	C:\Windows\SYSTEM32\DBGHELP.DLL
0x00007ffbd85c0000 - 0x00007ffbd85ec000 	C:\Windows\SYSTEM32\dbgcore.DLL
0x00007ffbe81c0000 - 0x00007ffbe8242000 	C:\Windows\System32\bcryptPrimitives.dll
0x00007ffbdc2a0000 - 0x00007ffbdc2c8000 	C:\Program Files\Java\jdk-11.0.15\bin\java.dll
0x00007ffbdf120000 - 0x00007ffbdf12a000 	C:\Program Files\Java\jdk-11.0.15\bin\jimage.dll
0x00007ffbdc280000 - 0x00007ffbdc296000 	C:\Program Files\Java\jdk-11.0.15\bin\zip.dll

dbghelp: loaded successfully - version: 4.0.5 - missing functions: none
symbol engine: initialized successfully - sym options: 0x614 - pdb path: .;C:\Program Files\Java\jdk-11.0.15\bin;C:\Windows\SYSTEM32;C:\Windows\WinSxS\amd64_microsoft.windows.common-controls_6595b64144ccf1df_6.0.19041.1110_none_60b5254171f9507e;C:\Program Files\Java\jdk-11.0.15\bin\server

VM Arguments:
java_command: br.com.matsutech.parkingcontrol.ParkingControlApplication
java_class_path (initial): I:\documentos\estudos\java\parking-control\target\classes;C:\Users\matus69\.m2\repository\org\springframework\boot\spring-boot-starter-data-jpa\2.7.2\spring-boot-starter-data-jpa-2.7.2.jar;C:\Users\matus69\.m2\repository\org\springframework\boot\spring-boot-starter-aop\2.7.2\spring-boot-starter-aop-2.7.2.jar;C:\Users\matus69\.m2\repository\org\springframework\spring-aop\5.3.22\spring-aop-5.3.22.jar;C:\Users\matus69\.m2\repository\org\aspectj\aspectjweaver\1.9.7\aspectjweaver-1.9.7.jar;C:\Users\matus69\.m2\repository\org\springframework\boot\spring-boot-starter-jdbc\2.7.2\spring-boot-starter-jdbc-2.7.2.jar;C:\Users\matus69\.m2\repository\com\zaxxer\HikariCP\4.0.3\HikariCP-4.0.3.jar;C:\Users\matus69\.m2\repository\org\springframework\spring-jdbc\5.3.22\spring-jdbc-5.3.22.jar;C:\Users\matus69\.m2\repository\jakarta\transaction\jakarta.transaction-api\1.3.3\jakarta.transaction-api-1.3.3.jar;C:\Users\matus69\.m2\repository\jakarta\persistence\jakarta.persistence-api\2.2.3\jakarta.persistence-api-2.2.3.jar;C:\Users\matus69\.m2\repository\org\hibernate\hibernate-core\5.6.10.Final\hibernate-core-5.6.10.Final.jar;C:\Users\matus69\.m2\repository\org\jboss\logging\jboss-logging\3.4.3.Final\jboss-logging-3.4.3.Final.jar;C:\Users\matus69\.m2\repository\net\bytebuddy\byte-buddy\1.12.12\byte-buddy-1.12.12.jar;C:\Users\matus69\.m2\repository\antlr\antlr\2.7.7\antlr-2.7.7.jar;C:\Users\matus69\.m2\repository\org\jboss\jandex\2.4.2.Final\jandex-2.4.2.Final.jar;C:\Users\matus69\.m2\repository\com\fasterxml\classmate\1.5.1\classmate-1.5.1.jar;C:\Users\matus69\.m2\repository\org\hibernate\common\hibernate-commons-annotations\5.1.2.Final\hibernate-commons-annotations-5.1.2.Final.jar;C:\Users\matus69\.m2\repository\org\glassfish\jaxb\jaxb-runtime\2.3.6\jaxb-runtime-2.3.6.jar;C:\Users\matus69\.m2\repository\org\glassfish\jaxb\txw2\2.3.6\txw2-2.3.6.jar;C:\Users\matus69\.m2\repository\com\sun\istack\istack-commons-runtime\3.0.12\istack-commons-runtime-3.0.12.jar;C
Launcher Type: SUN_STANDARD

[Global flags]
     intx CICompilerCount                          = 4                                         {product} {ergonomic}
     uint ConcGCThreads                            = 2                                         {product} {ergonomic}
     uint G1ConcRefinementThreads                  = 8                                         {product} {ergonomic}
   size_t G1HeapRegionSize                         = 1048576                                   {product} {ergonomic}
    uintx GCDrainStackTargetSize                   = 64                                        {product} {ergonomic}
   size_t InitialHeapSize                          = 268435456                                 {product} {ergonomic}
   size_t MarkStackSize                            = 4194304                                   {product} {ergonomic}
   size_t MaxHeapSize                              = 4269801472                                {product} {ergonomic}
   size_t MinHeapDeltaBytes                        = 1048576                                   {product} {ergonomic}
    uintx NonNMethodCodeHeapSize                   = 5836300                                {pd product} {ergonomic}
    uintx NonProfiledCodeHeapSize                  = 122910970                              {pd product} {ergonomic}
    uintx ProfiledCodeHeapSize                     = 122910970                              {pd product} {ergonomic}
    uintx ReservedCodeCacheSize                    = 251658240                              {pd product} {ergonomic}
     bool SegmentedCodeCache                       = true                                      {product} {ergonomic}
     bool UseCompressedClassPointers               = true                                 {lp64_product} {ergonomic}
     bool UseCompressedOops                        = true                                 {lp64_product} {ergonomic}
     bool UseG1GC                                  = true                                      {product} {ergonomic}
     bool UseLargePagesIndividualAllocation        = false                                  {pd product} {ergonomic}

Logging:
Log output configuration:
 #0: stdout all=warning uptime,level,tags
 #1: stderr all=off uptime,level,tags

Environment Variables:
JAVA_HOME=C:\Program Files\Java\jdk-11.0.15
PATH=C:\Python310\Scripts\;C:\Python310\;C:\Program Files\Common Files\Oracle\Java\javapath;C:\Windows\system32;C:\Windows;C:\Windows\System32\Wbem;C:\Windows\System32\WindowsPowerShell\v1.0\;C:\Windows\System32\OpenSSH\;C:\Program Files\NVIDIA Corporation\NVIDIA NvDLISR;C:\ProgramData\chocolatey\bin;C:\Program Files (x86)\NVIDIA Corporation\PhysX\Common;C:\Program Files (x86)\Yarn\bin\;C:\Program Files\apache-maven-3.8.6\bin;C:\Program Files\Git\cmd;C:\Program Files\Docker\Docker\resources\bin;C:\ProgramData\DockerDesktop\version-bin;C:\Program Files\nodejs\;C:\Program Files\MySQL\MySQL Shell 8.0\bin\;C:\Users\matus69\AppData\Local\Microsoft\WindowsApps;;C:\Users\matus69\AppData\Local\Yarn\bin;C:\Users\matus69\AppData\Roaming\npm;I:\programs\IntelliJ IDEA 2022.1.4\bin;;C:\Users\matus69\AppData\Local\Programs\Microsoft VS Code\bin
USERNAME=matus69
OS=Windows_NT
PROCESSOR_IDENTIFIER=Intel64 Family 6 Model 60 Stepping 3, GenuineIntel



---------------  S Y S T E M  ---------------

OS: Windows 10 , 64 bit Build 19041 (10.0.19041.1806)
Hyper-V role detected

CPU:total 8 (initial active 8) (4 cores per cpu, 2 threads per core) family 6 model 60 stepping 3 microcode 0x27, cmov, cx8, fxsr, mmx, sse, sse2, sse3, ssse3, sse4.1, sse4.2, popcnt, avx, avx2, aes, clmul, erms, lzcnt, ht, tsc, tscinvbit, bmi1, bmi2, fma

Memory: 4k page, system-wide physical 16285M (887M free)
TotalPageFile size 20285M (AvailPageFile size 220M)
current process WorkingSet (physical memory assigned to process): 10M, peak: 10M
current process commit charge ("private bytes"): 60M, peak: 316M

vm_info: Java HotSpot(TM) 64-Bit Server VM (11.0.15+8-LTS-149) for windows-amd64 JRE (11.0.15+8-LTS-149), built on Mar  9 2022 22:42:32 by "mach5one" with MS VC++ 15.9 (VS2017)

END.
